mode: set
webapp/cmd/web/handlers.go:10.70,13.2 2 1
webapp/cmd/web/handlers.go:22.111,25.16 2 1
webapp/cmd/web/handlers.go:25.16,28.3 2 0
webapp/cmd/web/handlers.go:30.2,33.16 3 1
webapp/cmd/web/handlers.go:33.16,35.3 1 0
webapp/cmd/web/handlers.go:36.2,36.12 1 1
webapp/cmd/web/main.go:11.13,20.16 5 0
webapp/cmd/web/main.go:20.16,22.3 1 0
webapp/cmd/web/middleware.go:14.67,16.2 1 1
webapp/cmd/web/middleware.go:18.72,19.71 1 1
webapp/cmd/web/middleware.go:19.71,22.17 3 1
webapp/cmd/web/middleware.go:22.17,24.20 2 1
webapp/cmd/web/middleware.go:24.20,26.5 1 1
webapp/cmd/web/middleware.go:27.4,27.60 1 1
webapp/cmd/web/middleware.go:28.9,30.4 1 1
webapp/cmd/web/middleware.go:31.3,31.40 1 1
webapp/cmd/web/middleware.go:35.45,37.16 2 1
webapp/cmd/web/middleware.go:37.16,39.3 1 1
webapp/cmd/web/middleware.go:40.2,41.18 2 1
webapp/cmd/web/middleware.go:41.18,43.3 1 1
webapp/cmd/web/middleware.go:44.2,45.22 2 1
webapp/cmd/web/middleware.go:45.22,47.3 1 1
webapp/cmd/web/middleware.go:48.2,48.18 1 1
webapp/cmd/web/middleware.go:48.18,50.3 1 0
webapp/cmd/web/middleware.go:51.2,51.16 1 1
webapp/cmd/web/routes.go:10.47,21.2 7 1
